{"/Users/chamiles/Documents/GitHub/aws-sso-extensions-for-enterprise/lib/lambda-functions/helpers/src/ssmParamReader.ts": {"path":"/Users/chamiles/Documents/GitHub/aws-sso-extensions-for-enterprise/lib/lambda-functions/helpers/src/ssmParamReader.ts","statementMap":{"0":{"start":{"line":17,"column":0},"end":{"line":17,"column":69}},"1":{"start":{"line":18,"column":0},"end":{"line":18,"column":73}},"2":{"start":{"line":24,"column":23},"end":{"line":78,"column":1}},"3":{"start":{"line":27,"column":2},"end":{"line":77,"column":null}},"4":{"start":{"line":28,"column":4},"end":{"line":68,"column":null}},"5":{"start":{"line":30,"column":8},"end":{"line":30,"column":32}},"6":{"start":{"line":32,"column":30},"end":{"line":40,"column":8}},"7":{"start":{"line":42,"column":29},"end":{"line":45,"column":null}},"8":{"start":{"line":48,"column":6},"end":{"line":57,"column":8}},"9":{"start":{"line":59,"column":6},"end":{"line":59,"column":69}},"10":{"start":{"line":60,"column":6},"end":{"line":67,"column":8}},"11":{"start":{"line":70,"column":4},"end":{"line":76,"column":6}},"12":{"start":{"line":24,"column":13},"end":{"line":24,"column":23}}},"fnMap":{"0":{"name":"(anonymous_0)","decl":{"start":{"line":24,"column":23},"end":{"line":24,"column":28}},"loc":{"start":{"line":26,"column":51},"end":{"line":78,"column":1}}}},"branchMap":{"0":{"loc":{"start":{"line":27,"column":2},"end":{"line":77,"column":null}},"type":"if","locations":[{"start":{"line":27,"column":2},"end":{"line":77,"column":null}},{"start":{"line":69,"column":9},"end":{"line":77,"column":null}}]},"1":{"loc":{"start":{"line":51,"column":22},"end":{"line":51,"column":53}},"type":"cond-expr","locations":[{"start":{"line":51,"column":46},"end":{"line":51,"column":48}},{"start":{"line":51,"column":46},"end":{"line":51,"column":53}}]},"2":{"loc":{"start":{"line":51,"column":22},"end":{"line":51,"column":48}},"type":"binary-expr","locations":[{"start":{"line":51,"column":22},"end":{"line":51,"column":48}},{"start":{"line":51,"column":46},"end":{"line":51,"column":48}}]}},"s":{"0":1,"1":1,"2":1,"3":3,"4":2,"5":2,"6":2,"7":2,"8":2,"9":1,"10":1,"11":1,"12":1},"f":{"0":3},"b":{"0":[2,1],"1":[0,1],"2":[2,1]}}
}
